<?xml version="1.0" ?>
<!DOCTYPE coverage SYSTEM "http://cobertura.sourceforge.net/xml/coverage-04.dtd">
<coverage lines-valid="217" lines-covered="194" line-rate="0.894" branches-valid="140" branches-covered="105" branch-rate="0.75" timestamp="1638481088348" complexity="0" version="0.1">
  <sources>
    <source>/home/runner/work/bundle-sqlight/bundle-sqlight</source>
  </sources>
  <packages>
    <package name="src" line-rate="1" branch-rate="1">
      <classes>
        <class name="index.ts" filename="src/index.ts" line-rate="1" branch-rate="1">
          <methods>
          </methods>
          <lines>
            <line number="1" hits="1" branch="false"/>
            <line number="3" hits="1" branch="false"/>
            <line number="4" hits="1" branch="false"/>
            <line number="5" hits="1" branch="false"/>
          </lines>
        </class>
      </classes>
    </package>
    <package name="src.class" line-rate="0.8582" branch-rate="0.7082999999999999">
      <classes>
        <class name="SQLCon.ts" filename="src/class/SQLCon.ts" line-rate="0.8582" branch-rate="0.7082999999999999">
          <methods>
            <method name="(anonymous_25)" hits="1" signature="()V">
              <lines>
                <line number="24" hits="1"/>
              </lines>
            </method>
            <method name="SQLCon" hits="2" signature="()V">
              <lines>
                <line number="32" hits="2"/>
              </lines>
            </method>
            <method name="(anonymous_27)" hits="103" signature="()V">
              <lines>
                <line number="47" hits="103"/>
              </lines>
            </method>
            <method name="(anonymous_30)" hits="1" signature="()V">
              <lines>
                <line number="68" hits="1"/>
              </lines>
            </method>
            <method name="(anonymous_33)" hits="1" signature="()V">
              <lines>
                <line number="88" hits="1"/>
              </lines>
            </method>
            <method name="(anonymous_36)" hits="1" signature="()V">
              <lines>
                <line number="105" hits="1"/>
              </lines>
            </method>
            <method name="(anonymous_39)" hits="103" signature="()V">
              <lines>
                <line number="125" hits="103"/>
              </lines>
            </method>
            <method name="(anonymous_42)" hits="119" signature="()V">
              <lines>
                <line number="134" hits="119"/>
              </lines>
            </method>
            <method name="(anonymous_45)" hits="3" signature="()V">
              <lines>
                <line number="162" hits="3"/>
              </lines>
            </method>
            <method name="(anonymous_48)" hits="3" signature="()V">
              <lines>
                <line number="178" hits="3"/>
              </lines>
            </method>
            <method name="(anonymous_49)" hits="21" signature="()V">
              <lines>
                <line number="182" hits="21"/>
              </lines>
            </method>
            <method name="(anonymous_50)" hits="2" signature="()V">
              <lines>
                <line number="207" hits="2"/>
              </lines>
            </method>
            <method name="(anonymous_53)" hits="2" signature="()V">
              <lines>
                <line number="228" hits="2"/>
              </lines>
            </method>
            <method name="(anonymous_56)" hits="0" signature="()V">
              <lines>
                <line number="243" hits="0"/>
              </lines>
            </method>
            <method name="(anonymous_57)" hits="0" signature="()V">
              <lines>
                <line number="272" hits="0"/>
              </lines>
            </method>
            <method name="(anonymous_58)" hits="1" signature="()V">
              <lines>
                <line number="276" hits="1"/>
              </lines>
            </method>
            <method name="(anonymous_61)" hits="2" signature="()V">
              <lines>
                <line number="286" hits="2"/>
              </lines>
            </method>
            <method name="(anonymous_64)" hits="6" signature="()V">
              <lines>
                <line number="305" hits="6"/>
              </lines>
            </method>
            <method name="(anonymous_67)" hits="111" signature="()V">
              <lines>
                <line number="314" hits="111"/>
              </lines>
            </method>
            <method name="(anonymous_70)" hits="113" signature="()V">
              <lines>
                <line number="316" hits="113"/>
              </lines>
            </method>
            <method name="(anonymous_71)" hits="2" signature="()V">
              <lines>
                <line number="327" hits="2"/>
              </lines>
            </method>
          </methods>
          <lines>
            <line number="1" hits="1" branch="false"/>
            <line number="3" hits="1" branch="false"/>
            <line number="13" hits="1" branch="false"/>
            <line number="14" hits="1" branch="false"/>
            <line number="24" hits="1" branch="false"/>
            <line number="25" hits="1" branch="false"/>
            <line number="36" hits="2" branch="true" condition-coverage="50% (1/2)"/>
            <line number="37" hits="2" branch="false"/>
            <line number="38" hits="2" branch="false"/>
            <line number="39" hits="2" branch="true" condition-coverage="0% (0/1)"/>
            <line number="40" hits="0" branch="false"/>
            <line number="41" hits="0" branch="false"/>
            <line number="43" hits="2" branch="false"/>
            <line number="44" hits="2" branch="false"/>
            <line number="47" hits="1" branch="false"/>
            <line number="51" hits="103" branch="false"/>
            <line number="52" hits="103" branch="false"/>
            <line number="53" hits="103" branch="false"/>
            <line number="60" hits="103" branch="false"/>
            <line number="61" hits="103" branch="true" condition-coverage="66.66666666666666% (2/3)"/>
            <line number="62" hits="0" branch="false"/>
            <line number="64" hits="103" branch="false"/>
            <line number="65" hits="103" branch="false"/>
            <line number="68" hits="1" branch="false"/>
            <line number="72" hits="1" branch="true" condition-coverage="0% (0/1)"/>
            <line number="73" hits="1" branch="false"/>
            <line number="74" hits="1" branch="false"/>
            <line number="83" hits="1" branch="true" condition-coverage="50% (1/2)"/>
            <line number="85" hits="0" branch="true" condition-coverage="0% (0/1)"/>
            <line number="88" hits="1" branch="false"/>
            <line number="92" hits="1" branch="true" condition-coverage="75% (3/4)"/>
            <line number="98" hits="1" branch="true" condition-coverage="75% (3/4)"/>
            <line number="99" hits="1" branch="true" condition-coverage="100% (1/1)"/>
            <line number="100" hits="1" branch="false"/>
            <line number="102" hits="0" branch="false"/>
            <line number="105" hits="1" branch="false"/>
            <line number="109" hits="1" branch="false"/>
            <line number="110" hits="1" branch="false"/>
            <line number="112" hits="1" branch="false"/>
            <line number="114" hits="1" branch="true" condition-coverage="75% (3/4)"/>
            <line number="118" hits="1" branch="true" condition-coverage="75% (3/4)"/>
            <line number="119" hits="1" branch="true" condition-coverage="100% (1/1)"/>
            <line number="120" hits="1" branch="false"/>
            <line number="122" hits="0" branch="false"/>
            <line number="125" hits="1" branch="false"/>
            <line number="126" hits="103" branch="true" condition-coverage="75% (3/4)"/>
            <line number="131" hits="103" branch="true" condition-coverage="75% (3/4)"/>
            <line number="134" hits="1" branch="false"/>
            <line number="141" hits="119" branch="true" condition-coverage="100% (1/1)"/>
            <line number="142" hits="1" branch="false"/>
            <line number="144" hits="118" branch="false"/>
            <line number="145" hits="118" branch="true" condition-coverage="100% (2/2)"/>
            <line number="146" hits="118" branch="false"/>
            <line number="147" hits="118" branch="true" condition-coverage="100% (1/1)"/>
            <line number="148" hits="5" branch="false"/>
            <line number="150" hits="118" branch="true" condition-coverage="75% (3/4)"/>
            <line number="155" hits="118" branch="true" condition-coverage="75% (3/4)"/>
            <line number="156" hits="118" branch="true" condition-coverage="100% (1/1)"/>
            <line number="157" hits="118" branch="false"/>
            <line number="159" hits="0" branch="false"/>
            <line number="162" hits="1" branch="false"/>
            <line number="166" hits="6" branch="true" condition-coverage="100% (1/1)"/>
            <line number="175" hits="3" branch="false"/>
            <line number="178" hits="1" branch="false"/>
            <line number="179" hits="3" branch="false"/>
            <line number="180" hits="3" branch="false"/>
            <line number="182" hits="3" branch="false"/>
            <line number="183" hits="21" branch="false"/>
            <line number="184" hits="21" branch="true" condition-coverage="83.33333333333334% (5/6)"/>
            <line number="185" hits="13" branch="false"/>
            <line number="186" hits="8" branch="true" condition-coverage="100% (2/2)"/>
            <line number="187" hits="3" branch="false"/>
            <line number="189" hits="5" branch="false"/>
            <line number="190" hits="5" branch="true" condition-coverage="50% (2/4)"/>
            <line number="193" hits="2" branch="false"/>
            <line number="194" hits="2" branch="false"/>
            <line number="196" hits="3" branch="false"/>
            <line number="197" hits="3" branch="false"/>
            <line number="199" hits="0" branch="false"/>
            <line number="204" hits="3" branch="false"/>
            <line number="207" hits="1" branch="false"/>
            <line number="209" hits="2" branch="false"/>
            <line number="217" hits="2" branch="false"/>
            <line number="218" hits="2" branch="true" condition-coverage="0% (0/1)"/>
            <line number="219" hits="0" branch="false"/>
            <line number="222" hits="0" branch="false"/>
            <line number="228" hits="1" branch="false"/>
            <line number="229" hits="2" branch="false"/>
            <line number="230" hits="2" branch="false"/>
            <line number="234" hits="0" branch="false"/>
            <line number="235" hits="0" branch="false"/>
            <line number="238" hits="2" branch="false"/>
            <line number="242" hits="0" branch="false"/>
            <line number="243" hits="0" branch="false"/>
            <line number="244" hits="0" branch="false"/>
            <line number="246" hits="0" branch="false"/>
            <line number="248" hits="2" branch="false"/>
            <line number="249" hits="2" branch="false"/>
            <line number="251" hits="4" branch="false"/>
            <line number="267" hits="2" branch="false"/>
            <line number="268" hits="2" branch="false"/>
            <line number="272" hits="1" branch="false"/>
            <line number="273" hits="0" branch="false"/>
            <line number="276" hits="1" branch="false"/>
            <line number="277" hits="1" branch="true" condition-coverage="75% (3/4)"/>
            <line number="282" hits="1" branch="true" condition-coverage="75% (3/4)"/>
            <line number="283" hits="1" branch="true" condition-coverage="33.33333333333333% (1/3)"/>
            <line number="286" hits="1" branch="false"/>
            <line number="287" hits="2" branch="true" condition-coverage="75% (3/4)"/>
            <line number="298" hits="2" branch="true" condition-coverage="0% (0/1)"/>
            <line number="299" hits="0" branch="false"/>
            <line number="301" hits="2" branch="false"/>
            <line number="302" hits="2" branch="false"/>
            <line number="305" hits="1" branch="false"/>
            <line number="306" hits="6" branch="true" condition-coverage="75% (3/4)"/>
            <line number="311" hits="6" branch="true" condition-coverage="75% (3/4)"/>
            <line number="314" hits="1" branch="false"/>
            <line number="315" hits="111" branch="false"/>
            <line number="316" hits="111" branch="false"/>
            <line number="317" hits="113" branch="true" condition-coverage="75% (3/4)"/>
            <line number="319" hits="113" branch="true" condition-coverage="75% (3/4)"/>
            <line number="320" hits="113" branch="true" condition-coverage="100% (1/1)"/>
            <line number="321" hits="113" branch="false"/>
            <line number="324" hits="111" branch="false"/>
            <line number="327" hits="1" branch="false"/>
            <line number="328" hits="2" branch="false"/>
            <line number="330" hits="1" branch="false"/>
          </lines>
        </class>
      </classes>
    </package>
    <package name="src.util" line-rate="0.9418000000000001" branch-rate="0.8409">
      <classes>
        <class name="buildSearchQ.ts" filename="src/util/buildSearchQ.ts" line-rate="1" branch-rate="1">
          <methods>
            <method name="buildSearchQ" hits="6" signature="()V">
              <lines>
                <line number="1" hits="6"/>
              </lines>
            </method>
          </methods>
          <lines>
            <line number="1" hits="1" branch="false"/>
            <line number="6" hits="6" branch="false"/>
            <line number="7" hits="6" branch="false"/>
            <line number="8" hits="6" branch="true" condition-coverage="100% (1/1)"/>
            <line number="9" hits="6" branch="false"/>
            <line number="10" hits="12" branch="false"/>
            <line number="11" hits="6" branch="true" condition-coverage="100% (1/1)"/>
            <line number="12" hits="6" branch="false"/>
            <line number="13" hits="6" branch="false"/>
            <line number="16" hits="6" branch="true" condition-coverage="100% (1/1)"/>
            <line number="17" hits="6" branch="false"/>
            <line number="20" hits="6" branch="false"/>
          </lines>
        </class>
        <class name="converter.ts" filename="src/util/converter.ts" line-rate="0.9555" branch-rate="0.8636">
          <methods>
            <method name="convertSpecialFields" hits="627" signature="()V">
              <lines>
                <line number="8" hits="627"/>
              </lines>
            </method>
            <method name="objToTable" hits="104" signature="()V">
              <lines>
                <line number="34" hits="104"/>
              </lines>
            </method>
            <method name="(anonymous_2)" hits="731" signature="()V">
              <lines>
                <line number="44" hits="731"/>
              </lines>
            </method>
            <method name="rowToObj" hits="5068" signature="()V">
              <lines>
                <line number="68" hits="5068"/>
              </lines>
            </method>
            <method name="(anonymous_4)" hits="35485" signature="()V">
              <lines>
                <line number="73" hits="35485"/>
              </lines>
            </method>
            <method name="tableToObj" hits="118" signature="()V">
              <lines>
                <line number="87" hits="118"/>
              </lines>
            </method>
            <method name="(anonymous_6)" hits="5066" signature="()V">
              <lines>
                <line number="91" hits="5066"/>
              </lines>
            </method>
          </methods>
          <lines>
            <line number="1" hits="1" branch="false"/>
            <line number="14" hits="627" branch="true" condition-coverage="100% (4/4)"/>
            <line number="16" hits="104" branch="true" condition-coverage="100% (2/2)"/>
            <line number="17" hits="102" branch="false"/>
            <line number="19" hits="2" branch="false"/>
            <line number="21" hits="104" branch="false"/>
            <line number="23" hits="104" branch="false"/>
            <line number="24" hits="104" branch="false"/>
            <line number="26" hits="1" branch="true" condition-coverage="50% (1/2)"/>
            <line number="27" hits="1" branch="false"/>
            <line number="29" hits="418" branch="false"/>
            <line number="30" hits="418" branch="false"/>
            <line number="34" hits="1" branch="false"/>
            <line number="38" hits="104" branch="false"/>
            <line number="39" hits="104" branch="false"/>
            <line number="40" hits="104" branch="false"/>
            <line number="41" hits="104" branch="false"/>
            <line number="42" hits="104" branch="false"/>
            <line number="44" hits="104" branch="false"/>
            <line number="45" hits="731" branch="false"/>
            <line number="46" hits="731" branch="true" condition-coverage="0% (0/1)"/>
            <line number="47" hits="0" branch="false"/>
            <line number="49" hits="731" branch="true" condition-coverage="100% (1/1)"/>
            <line number="50" hits="104" branch="false"/>
            <line number="52" hits="627" branch="false"/>
            <line number="53" hits="627" branch="true" condition-coverage="100% (2/2)"/>
            <line number="54" hits="6" branch="false"/>
            <line number="56" hits="621" branch="false"/>
            <line number="59" hits="627" branch="false"/>
            <line number="62" hits="104" branch="true" condition-coverage="100% (3/3)"/>
            <line number="63" hits="104" branch="false"/>
            <line number="65" hits="0" branch="false"/>
            <line number="68" hits="1" branch="false"/>
            <line number="72" hits="5068" branch="false"/>
            <line number="73" hits="5068" branch="false"/>
            <line number="74" hits="35485" branch="true" condition-coverage="100% (3/3)"/>
            <line number="76" hits="5068" branch="true" condition-coverage="50% (1/2)"/>
            <line number="77" hits="5068" branch="false"/>
            <line number="79" hits="5068" branch="true" condition-coverage="100% (2/2)"/>
            <line number="80" hits="5068" branch="false"/>
            <line number="82" hits="25349" branch="false"/>
            <line number="85" hits="5068" branch="false"/>
            <line number="87" hits="1" branch="false"/>
            <line number="91" hits="118" branch="false"/>
            <line number="92" hits="5066" branch="false"/>
          </lines>
        </class>
        <class name="index.ts" filename="src/util/index.ts" line-rate="1" branch-rate="1">
          <methods>
          </methods>
          <lines>
            <line number="1" hits="1" branch="false"/>
            <line number="2" hits="1" branch="false"/>
            <line number="3" hits="1" branch="false"/>
            <line number="5" hits="1" branch="false"/>
            <line number="6" hits="1" branch="false"/>
          </lines>
        </class>
        <class name="mappingWithDataType.ts" filename="src/util/mappingWithDataType.ts" line-rate="0.8571" branch-rate="0.7777">
          <methods>
            <method name="mappingWithDataType" hits="13" signature="()V">
              <lines>
                <line number="4" hits="13"/>
              </lines>
            </method>
          </methods>
          <lines>
            <line number="2" hits="1" branch="false"/>
            <line number="4" hits="1" branch="false"/>
            <line number="9" hits="13" branch="true" condition-coverage="0% (0/1)"/>
            <line number="10" hits="0" branch="false"/>
            <line number="12" hits="13" branch="true" condition-coverage="50% (1/2)"/>
            <line number="13" hits="0" branch="false"/>
            <line number="15" hits="13" branch="true" condition-coverage="100% (2/2)"/>
            <line number="16" hits="13" branch="true" condition-coverage="100% (2/2)"/>
            <line number="17" hits="13" branch="false"/>
            <line number="18" hits="13" branch="true" condition-coverage="100% (2/2)"/>
            <line number="19" hits="1" branch="false"/>
            <line number="21" hits="12" branch="false"/>
            <line number="23" hits="13" branch="false"/>
            <line number="24" hits="13" branch="false"/>
          </lines>
        </class>
        <class name="resolveDBType.ts" filename="src/util/resolveDBType.ts" line-rate="0.9" branch-rate="0.8">
          <methods>
            <method name="resolveDBType" hits="13" signature="()V">
              <lines>
                <line number="3" hits="13"/>
              </lines>
            </method>
          </methods>
          <lines>
            <line number="3" hits="1" branch="false"/>
            <line number="4" hits="13" branch="true" condition-coverage="80% (8/10)"/>
            <line number="6" hits="2" branch="false"/>
            <line number="9" hits="1" branch="false"/>
            <line number="11" hits="2" branch="false"/>
            <line number="14" hits="3" branch="false"/>
            <line number="16" hits="1" branch="false"/>
            <line number="18" hits="2" branch="false"/>
            <line number="20" hits="2" branch="false"/>
            <line number="22" hits="0" branch="false"/>
          </lines>
        </class>
      </classes>
    </package>
  </packages>
</coverage>
