<?xml version="1.0" ?>
<!DOCTYPE coverage SYSTEM "http://cobertura.sourceforge.net/xml/coverage-04.dtd">
<coverage lines-valid="229" lines-covered="192" line-rate="0.8384" branches-valid="148" branches-covered="103" branch-rate="0.6959000000000001" timestamp="1658549288687" complexity="0" version="0.1">
  <sources>
    <source>/home/runner/work/bundle-sqlight/bundle-sqlight</source>
  </sources>
  <packages>
    <package name="src" line-rate="1" branch-rate="1">
      <classes>
        <class name="index.ts" filename="src/index.ts" line-rate="1" branch-rate="1">
          <methods>
          </methods>
          <lines>
            <line number="1" hits="1" branch="false"/>
            <line number="3" hits="1" branch="false"/>
            <line number="4" hits="1" branch="false"/>
            <line number="5" hits="1" branch="false"/>
          </lines>
        </class>
      </classes>
    </package>
    <package name="src.class" line-rate="0.7818999999999999" branch-rate="0.6391">
      <classes>
        <class name="SQLCon.ts" filename="src/class/SQLCon.ts" line-rate="0.7818999999999999" branch-rate="0.6391">
          <methods>
            <method name="(anonymous_26)" hits="1" signature="()V">
              <lines>
                <line number="31" hits="1"/>
              </lines>
            </method>
            <method name="SQLCon" hits="2" signature="()V">
              <lines>
                <line number="45" hits="2"/>
              </lines>
            </method>
            <method name="(anonymous_28)" hits="104" signature="()V">
              <lines>
                <line number="60" hits="104"/>
              </lines>
            </method>
            <method name="(anonymous_31)" hits="1" signature="()V">
              <lines>
                <line number="79" hits="1"/>
              </lines>
            </method>
            <method name="(anonymous_34)" hits="2" signature="()V">
              <lines>
                <line number="97" hits="2"/>
              </lines>
            </method>
            <method name="(anonymous_37)" hits="1" signature="()V">
              <lines>
                <line number="114" hits="1"/>
              </lines>
            </method>
            <method name="(anonymous_40)" hits="104" signature="()V">
              <lines>
                <line number="135" hits="104"/>
              </lines>
            </method>
            <method name="(anonymous_43)" hits="224" signature="()V">
              <lines>
                <line number="144" hits="224"/>
              </lines>
            </method>
            <method name="(anonymous_46)" hits="2" signature="()V">
              <lines>
                <line number="161" hits="2"/>
              </lines>
            </method>
            <method name="(anonymous_47)" hits="3" signature="()V">
              <lines>
                <line number="181" hits="3"/>
              </lines>
            </method>
            <method name="(anonymous_50)" hits="3" signature="()V">
              <lines>
                <line number="197" hits="3"/>
              </lines>
            </method>
            <method name="(anonymous_51)" hits="21" signature="()V">
              <lines>
                <line number="201" hits="21"/>
              </lines>
            </method>
            <method name="(anonymous_52)" hits="0" signature="()V">
              <lines>
                <line number="226" hits="0"/>
              </lines>
            </method>
            <method name="(anonymous_55)" hits="2" signature="()V">
              <lines>
                <line number="245" hits="2"/>
              </lines>
            </method>
            <method name="(anonymous_58)" hits="2" signature="()V">
              <lines>
                <line number="249" hits="2"/>
              </lines>
            </method>
            <method name="(anonymous_61)" hits="0" signature="()V">
              <lines>
                <line number="264" hits="0"/>
              </lines>
            </method>
            <method name="(anonymous_62)" hits="0" signature="()V">
              <lines>
                <line number="293" hits="0"/>
              </lines>
            </method>
            <method name="(anonymous_63)" hits="0" signature="()V">
              <lines>
                <line number="297" hits="0"/>
              </lines>
            </method>
            <method name="(anonymous_66)" hits="5" signature="()V">
              <lines>
                <line number="307" hits="5"/>
              </lines>
            </method>
            <method name="(anonymous_69)" hits="8" signature="()V">
              <lines>
                <line number="326" hits="8"/>
              </lines>
            </method>
            <method name="(anonymous_72)" hits="110" signature="()V">
              <lines>
                <line number="335" hits="110"/>
              </lines>
            </method>
            <method name="(anonymous_75)" hits="112" signature="()V">
              <lines>
                <line number="337" hits="112"/>
              </lines>
            </method>
            <method name="(anonymous_76)" hits="2" signature="()V">
              <lines>
                <line number="348" hits="2"/>
              </lines>
            </method>
          </methods>
          <lines>
            <line number="1" hits="1" branch="false"/>
            <line number="3" hits="1" branch="false"/>
            <line number="20" hits="1" branch="false"/>
            <line number="21" hits="1" branch="false"/>
            <line number="31" hits="1" branch="false"/>
            <line number="38" hits="1" branch="false"/>
            <line number="49" hits="2" branch="true" condition-coverage="50% (1/2)"/>
            <line number="50" hits="2" branch="false"/>
            <line number="51" hits="2" branch="false"/>
            <line number="52" hits="2" branch="true" condition-coverage="0% (0/1)"/>
            <line number="53" hits="0" branch="false"/>
            <line number="54" hits="0" branch="false"/>
            <line number="56" hits="2" branch="false"/>
            <line number="57" hits="2" branch="false"/>
            <line number="60" hits="1" branch="false"/>
            <line number="64" hits="104" branch="false"/>
            <line number="65" hits="104" branch="false"/>
            <line number="72" hits="104" branch="false"/>
            <line number="73" hits="104" branch="true" condition-coverage="66.66666666666666% (2/3)"/>
            <line number="74" hits="0" branch="false"/>
            <line number="76" hits="104" branch="false"/>
            <line number="79" hits="1" branch="false"/>
            <line number="84" hits="1" branch="false"/>
            <line number="85" hits="1" branch="false"/>
            <line number="94" hits="1" branch="false"/>
            <line number="97" hits="1" branch="false"/>
            <line number="101" hits="2" branch="true" condition-coverage="75% (3/4)"/>
            <line number="107" hits="2" branch="true" condition-coverage="75% (3/4)"/>
            <line number="108" hits="2" branch="true" condition-coverage="100% (1/1)"/>
            <line number="109" hits="2" branch="false"/>
            <line number="111" hits="0" branch="false"/>
            <line number="114" hits="1" branch="false"/>
            <line number="118" hits="1" branch="false"/>
            <line number="119" hits="1" branch="false"/>
            <line number="121" hits="1" branch="false"/>
            <line number="123" hits="1" branch="true" condition-coverage="75% (3/4)"/>
            <line number="128" hits="1" branch="true" condition-coverage="75% (3/4)"/>
            <line number="129" hits="1" branch="true" condition-coverage="100% (1/1)"/>
            <line number="130" hits="1" branch="false"/>
            <line number="132" hits="0" branch="false"/>
            <line number="135" hits="1" branch="false"/>
            <line number="136" hits="104" branch="true" condition-coverage="75% (3/4)"/>
            <line number="141" hits="104" branch="true" condition-coverage="75% (3/4)"/>
            <line number="144" hits="1" branch="false"/>
            <line number="147" hits="224" branch="false"/>
            <line number="148" hits="224" branch="true" condition-coverage="100% (1/1)"/>
            <line number="149" hits="1" branch="false"/>
            <line number="151" hits="223" branch="false"/>
            <line number="152" hits="223" branch="false"/>
            <line number="153" hits="223" branch="false"/>
            <line number="154" hits="223" branch="true" condition-coverage="100% (2/2)"/>
            <line number="155" hits="223" branch="true" condition-coverage="100% (2/2)"/>
            <line number="156" hits="223" branch="false"/>
            <line number="157" hits="223" branch="true" condition-coverage="100% (1/1)"/>
            <line number="158" hits="104" branch="false"/>
            <line number="160" hits="223" branch="true" condition-coverage="100% (3/3)"/>
            <line number="161" hits="2" branch="false"/>
            <line number="162" hits="2" branch="false"/>
            <line number="164" hits="2" branch="false"/>
            <line number="166" hits="223" branch="true" condition-coverage="75% (3/4)"/>
            <line number="174" hits="223" branch="true" condition-coverage="75% (3/4)"/>
            <line number="175" hits="223" branch="true" condition-coverage="100% (1/1)"/>
            <line number="176" hits="223" branch="false"/>
            <line number="178" hits="0" branch="false"/>
            <line number="181" hits="1" branch="false"/>
            <line number="185" hits="6" branch="true" condition-coverage="100% (1/1)"/>
            <line number="194" hits="3" branch="false"/>
            <line number="197" hits="1" branch="false"/>
            <line number="198" hits="3" branch="false"/>
            <line number="199" hits="3" branch="false"/>
            <line number="201" hits="3" branch="false"/>
            <line number="202" hits="21" branch="false"/>
            <line number="203" hits="21" branch="true" condition-coverage="100% (2/2)"/>
            <line number="204" hits="3" branch="false"/>
            <line number="205" hits="18" branch="true" condition-coverage="66.66666666666666% (4/6)"/>
            <line number="206" hits="18" branch="false"/>
            <line number="208" hits="0" branch="false"/>
            <line number="209" hits="0" branch="true" condition-coverage="0% (0/4)"/>
            <line number="212" hits="0" branch="false"/>
            <line number="213" hits="0" branch="false"/>
            <line number="215" hits="0" branch="false"/>
            <line number="216" hits="0" branch="false"/>
            <line number="218" hits="0" branch="false"/>
            <line number="223" hits="3" branch="false"/>
            <line number="226" hits="1" branch="false"/>
            <line number="228" hits="0" branch="false"/>
            <line number="236" hits="0" branch="false"/>
            <line number="237" hits="0" branch="true" condition-coverage="0% (0/1)"/>
            <line number="238" hits="0" branch="false"/>
            <line number="241" hits="0" branch="false"/>
            <line number="245" hits="1" branch="false"/>
            <line number="246" hits="2" branch="false"/>
            <line number="249" hits="1" branch="false"/>
            <line number="250" hits="2" branch="false"/>
            <line number="251" hits="2" branch="false"/>
            <line number="255" hits="0" branch="false"/>
            <line number="256" hits="0" branch="false"/>
            <line number="259" hits="2" branch="false"/>
            <line number="263" hits="0" branch="false"/>
            <line number="264" hits="0" branch="false"/>
            <line number="265" hits="0" branch="false"/>
            <line number="267" hits="0" branch="false"/>
            <line number="269" hits="2" branch="false"/>
            <line number="270" hits="2" branch="false"/>
            <line number="272" hits="4" branch="false"/>
            <line number="288" hits="2" branch="false"/>
            <line number="289" hits="2" branch="false"/>
            <line number="293" hits="1" branch="false"/>
            <line number="294" hits="0" branch="false"/>
            <line number="297" hits="1" branch="false"/>
            <line number="298" hits="0" branch="true" condition-coverage="0% (0/4)"/>
            <line number="303" hits="0" branch="true" condition-coverage="0% (0/4)"/>
            <line number="304" hits="0" branch="true" condition-coverage="0% (0/3)"/>
            <line number="307" hits="1" branch="false"/>
            <line number="308" hits="5" branch="true" condition-coverage="75% (3/4)"/>
            <line number="319" hits="5" branch="true" condition-coverage="0% (0/1)"/>
            <line number="320" hits="0" branch="false"/>
            <line number="322" hits="5" branch="false"/>
            <line number="323" hits="5" branch="false"/>
            <line number="326" hits="1" branch="false"/>
            <line number="327" hits="8" branch="true" condition-coverage="75% (3/4)"/>
            <line number="332" hits="8" branch="true" condition-coverage="75% (3/4)"/>
            <line number="335" hits="1" branch="false"/>
            <line number="336" hits="110" branch="false"/>
            <line number="337" hits="110" branch="false"/>
            <line number="338" hits="112" branch="true" condition-coverage="75% (3/4)"/>
            <line number="340" hits="112" branch="true" condition-coverage="75% (3/4)"/>
            <line number="341" hits="112" branch="true" condition-coverage="100% (1/1)"/>
            <line number="342" hits="112" branch="false"/>
            <line number="345" hits="110" branch="false"/>
            <line number="348" hits="1" branch="false"/>
            <line number="349" hits="2" branch="false"/>
            <line number="351" hits="1" branch="false"/>
          </lines>
        </class>
      </classes>
    </package>
    <package name="src.util" line-rate="0.9129999999999999" branch-rate="0.8039000000000001">
      <classes>
        <class name="buildSearchQ.ts" filename="src/util/buildSearchQ.ts" line-rate="0.9375" branch-rate="0.75">
          <methods>
            <method name="buildSearchQ" hits="105" signature="()V">
              <lines>
                <line number="4" hits="105"/>
              </lines>
            </method>
          </methods>
          <lines>
            <line number="2" hits="1" branch="false"/>
            <line number="4" hits="1" branch="false"/>
            <line number="10" hits="105" branch="false"/>
            <line number="11" hits="105" branch="false"/>
            <line number="12" hits="105" branch="true" condition-coverage="100% (1/1)"/>
            <line number="13" hits="105" branch="false"/>
            <line number="14" hits="210" branch="false"/>
            <line number="15" hits="105" branch="true" condition-coverage="100% (1/1)"/>
            <line number="16" hits="105" branch="false"/>
            <line number="17" hits="105" branch="true" condition-coverage="0% (0/1)"/>
            <line number="18" hits="0" branch="false"/>
            <line number="20" hits="105" branch="false"/>
            <line number="21" hits="105" branch="false"/>
            <line number="24" hits="105" branch="true" condition-coverage="100% (1/1)"/>
            <line number="25" hits="105" branch="false"/>
            <line number="28" hits="105" branch="false"/>
          </lines>
        </class>
        <class name="converter.ts" filename="src/util/converter.ts" line-rate="0.9333" branch-rate="0.8332999999999999">
          <methods>
            <method name="convertSpecialFields" hits="837" signature="()V">
              <lines>
                <line number="8" hits="837"/>
              </lines>
            </method>
            <method name="objToTable" hits="105" signature="()V">
              <lines>
                <line number="34" hits="105"/>
              </lines>
            </method>
            <method name="(anonymous_2)" hits="732" signature="()V">
              <lines>
                <line number="45" hits="732"/>
              </lines>
            </method>
            <method name="rowToObj" hits="8154" signature="()V">
              <lines>
                <line number="69" hits="8154"/>
              </lines>
            </method>
            <method name="(anonymous_4)" hits="57090" signature="()V">
              <lines>
                <line number="74" hits="57090"/>
              </lines>
            </method>
            <method name="tableToObj" hits="223" signature="()V">
              <lines>
                <line number="89" hits="223"/>
              </lines>
            </method>
            <method name="(anonymous_6)" hits="8151" signature="()V">
              <lines>
                <line number="93" hits="8151"/>
              </lines>
            </method>
          </methods>
          <lines>
            <line number="8" hits="1" branch="false"/>
            <line number="14" hits="837" branch="true" condition-coverage="100% (4/4)"/>
            <line number="16" hits="204" branch="true" condition-coverage="100% (2/2)"/>
            <line number="17" hits="202" branch="false"/>
            <line number="19" hits="2" branch="false"/>
            <line number="21" hits="204" branch="false"/>
            <line number="23" hits="104" branch="false"/>
            <line number="24" hits="104" branch="false"/>
            <line number="26" hits="1" branch="true" condition-coverage="50% (1/2)"/>
            <line number="27" hits="1" branch="false"/>
            <line number="29" hits="528" branch="false"/>
            <line number="30" hits="528" branch="false"/>
            <line number="34" hits="1" branch="false"/>
            <line number="39" hits="105" branch="false"/>
            <line number="40" hits="105" branch="false"/>
            <line number="41" hits="105" branch="false"/>
            <line number="42" hits="105" branch="false"/>
            <line number="43" hits="105" branch="false"/>
            <line number="45" hits="105" branch="false"/>
            <line number="46" hits="732" branch="false"/>
            <line number="47" hits="732" branch="true" condition-coverage="0% (0/1)"/>
            <line number="48" hits="0" branch="false"/>
            <line number="50" hits="732" branch="true" condition-coverage="66.66666666666666% (2/3)"/>
            <line number="51" hits="0" branch="false"/>
            <line number="53" hits="732" branch="false"/>
            <line number="54" hits="732" branch="true" condition-coverage="100% (2/2)"/>
            <line number="55" hits="1" branch="false"/>
            <line number="57" hits="731" branch="false"/>
            <line number="60" hits="732" branch="false"/>
            <line number="63" hits="105" branch="true" condition-coverage="100% (3/3)"/>
            <line number="64" hits="105" branch="false"/>
            <line number="66" hits="0" branch="false"/>
            <line number="69" hits="1" branch="false"/>
            <line number="73" hits="8154" branch="false"/>
            <line number="74" hits="8154" branch="false"/>
            <line number="75" hits="57090" branch="true" condition-coverage="100% (3/3)"/>
            <line number="77" hits="8154" branch="true" condition-coverage="50% (1/2)"/>
            <line number="78" hits="8154" branch="false"/>
            <line number="80" hits="8154" branch="true" condition-coverage="100% (2/2)"/>
            <line number="81" hits="8154" branch="false"/>
            <line number="83" hits="40782" branch="false"/>
            <line number="86" hits="8154" branch="false"/>
            <line number="89" hits="1" branch="false"/>
            <line number="93" hits="223" branch="false"/>
            <line number="94" hits="8151" branch="false"/>
          </lines>
        </class>
        <class name="index.ts" filename="src/util/index.ts" line-rate="1" branch-rate="1">
          <methods>
          </methods>
          <lines>
            <line number="1" hits="1" branch="false"/>
            <line number="2" hits="1" branch="false"/>
            <line number="3" hits="1" branch="false"/>
            <line number="5" hits="1" branch="false"/>
            <line number="6" hits="1" branch="false"/>
          </lines>
        </class>
        <class name="mappingWithDataType.ts" filename="src/util/mappingWithDataType.ts" line-rate="0.8125" branch-rate="0.75">
          <methods>
            <method name="mappingWithDataType" hits="18" signature="()V">
              <lines>
                <line number="4" hits="18"/>
              </lines>
            </method>
          </methods>
          <lines>
            <line number="2" hits="1" branch="false"/>
            <line number="4" hits="1" branch="false"/>
            <line number="9" hits="18" branch="true" condition-coverage="0% (0/1)"/>
            <line number="10" hits="0" branch="false"/>
            <line number="12" hits="18" branch="true" condition-coverage="50% (1/2)"/>
            <line number="13" hits="0" branch="false"/>
            <line number="15" hits="18" branch="true" condition-coverage="100% (2/2)"/>
            <line number="16" hits="18" branch="true" condition-coverage="0% (0/1)"/>
            <line number="17" hits="0" branch="false"/>
            <line number="19" hits="18" branch="true" condition-coverage="100% (2/2)"/>
            <line number="20" hits="18" branch="false"/>
            <line number="21" hits="18" branch="true" condition-coverage="100% (4/4)"/>
            <line number="22" hits="1" branch="false"/>
            <line number="24" hits="17" branch="false"/>
            <line number="27" hits="18" branch="false"/>
            <line number="28" hits="18" branch="false"/>
          </lines>
        </class>
        <class name="resolveDBType.ts" filename="src/util/resolveDBType.ts" line-rate="0.9" branch-rate="0.8181">
          <methods>
            <method name="resolveDBType" hits="18" signature="()V">
              <lines>
                <line number="3" hits="18"/>
              </lines>
            </method>
          </methods>
          <lines>
            <line number="3" hits="1" branch="false"/>
            <line number="4" hits="18" branch="true" condition-coverage="81.81818181818183% (9/11)"/>
            <line number="6" hits="2" branch="false"/>
            <line number="9" hits="1" branch="false"/>
            <line number="11" hits="4" branch="false"/>
            <line number="15" hits="6" branch="false"/>
            <line number="17" hits="1" branch="false"/>
            <line number="19" hits="2" branch="false"/>
            <line number="21" hits="2" branch="false"/>
            <line number="23" hits="0" branch="false"/>
          </lines>
        </class>
      </classes>
    </package>
  </packages>
</coverage>
