TN:
SF:src/index.ts
FNF:0
FNH:0
DA:1,1
DA:3,1
DA:4,1
DA:5,1
LF:4
LH:4
BRF:0
BRH:0
end_of_record
TN:
SF:src/class/SQLCon.ts
FN:45,(anonymous_13)
FN:60,(anonymous_14)
FN:79,(anonymous_16)
FN:97,(anonymous_18)
FN:114,(anonymous_20)
FN:135,(anonymous_22)
FN:144,(anonymous_24)
FN:161,(anonymous_26)
FN:181,(anonymous_27)
FN:197,(anonymous_29)
FN:201,(anonymous_30)
FN:226,(anonymous_31)
FN:245,(anonymous_33)
FN:249,(anonymous_35)
FN:264,(anonymous_37)
FN:293,(anonymous_38)
FN:297,(anonymous_39)
FN:307,(anonymous_41)
FN:326,(anonymous_43)
FN:335,(anonymous_45)
FN:337,(anonymous_47)
FN:348,(anonymous_48)
FNF:22
FNH:18
FNDA:2,(anonymous_13)
FNDA:104,(anonymous_14)
FNDA:1,(anonymous_16)
FNDA:2,(anonymous_18)
FNDA:1,(anonymous_20)
FNDA:104,(anonymous_22)
FNDA:224,(anonymous_24)
FNDA:2,(anonymous_26)
FNDA:3,(anonymous_27)
FNDA:3,(anonymous_29)
FNDA:21,(anonymous_30)
FNDA:0,(anonymous_31)
FNDA:2,(anonymous_33)
FNDA:2,(anonymous_35)
FNDA:0,(anonymous_37)
FNDA:0,(anonymous_38)
FNDA:0,(anonymous_39)
FNDA:5,(anonymous_41)
FNDA:8,(anonymous_43)
FNDA:110,(anonymous_45)
FNDA:112,(anonymous_47)
FNDA:2,(anonymous_48)
DA:1,1
DA:3,1
DA:20,1
DA:21,1
DA:31,1
DA:49,2
DA:50,2
DA:51,2
DA:52,2
DA:53,0
DA:54,0
DA:56,2
DA:57,2
DA:64,104
DA:65,104
DA:72,104
DA:73,104
DA:74,0
DA:76,104
DA:84,1
DA:85,1
DA:94,1
DA:101,2
DA:107,2
DA:108,2
DA:109,2
DA:111,0
DA:118,1
DA:119,1
DA:121,1
DA:123,1
DA:128,1
DA:129,1
DA:130,1
DA:132,0
DA:136,104
DA:141,104
DA:147,224
DA:148,224
DA:149,1
DA:151,223
DA:152,223
DA:153,223
DA:154,223
DA:155,223
DA:156,223
DA:157,223
DA:158,104
DA:160,223
DA:161,2
DA:162,2
DA:164,2
DA:166,223
DA:174,223
DA:175,223
DA:176,223
DA:178,0
DA:185,3
DA:194,3
DA:198,3
DA:199,3
DA:201,3
DA:202,21
DA:203,21
DA:204,3
DA:205,18
DA:206,18
DA:208,0
DA:209,0
DA:212,0
DA:213,0
DA:215,0
DA:216,0
DA:218,0
DA:223,3
DA:227,0
DA:228,0
DA:236,0
DA:237,0
DA:238,0
DA:241,0
DA:246,2
DA:250,2
DA:251,2
DA:255,0
DA:256,0
DA:258,2
DA:259,2
DA:263,0
DA:264,0
DA:265,0
DA:267,0
DA:269,2
DA:270,2
DA:272,2
DA:288,2
DA:289,2
DA:294,0
DA:298,0
DA:303,0
DA:304,0
DA:308,5
DA:319,5
DA:320,0
DA:322,5
DA:323,5
DA:327,8
DA:332,8
DA:336,110
DA:337,110
DA:338,112
DA:340,112
DA:341,112
DA:342,112
DA:345,110
DA:349,2
LF:116
LH:86
BRDA:52,0,0,0
BRDA:73,1,0,0
BRDA:73,2,0,104
BRDA:73,2,1,104
BRDA:101,3,0,0
BRDA:101,3,1,2
BRDA:101,4,0,2
BRDA:101,4,1,2
BRDA:107,5,0,0
BRDA:107,5,1,2
BRDA:107,6,0,2
BRDA:107,6,1,2
BRDA:108,7,0,2
BRDA:123,8,0,0
BRDA:123,8,1,1
BRDA:123,9,0,1
BRDA:123,9,1,1
BRDA:128,10,0,0
BRDA:128,10,1,1
BRDA:128,11,0,1
BRDA:128,11,1,1
BRDA:129,12,0,1
BRDA:136,13,0,0
BRDA:136,13,1,104
BRDA:136,14,0,104
BRDA:136,14,1,104
BRDA:141,15,0,0
BRDA:141,15,1,104
BRDA:141,16,0,104
BRDA:141,16,1,104
BRDA:148,17,0,1
BRDA:154,18,0,1
BRDA:154,18,1,222
BRDA:155,19,0,6
BRDA:155,19,1,217
BRDA:157,20,0,104
BRDA:160,21,0,2
BRDA:160,22,0,223
BRDA:160,22,1,2
BRDA:166,23,0,0
BRDA:166,23,1,223
BRDA:166,24,0,223
BRDA:166,24,1,223
BRDA:174,25,0,0
BRDA:174,25,1,223
BRDA:174,26,0,223
BRDA:174,26,1,223
BRDA:175,27,0,223
BRDA:203,28,0,3
BRDA:203,28,1,18
BRDA:205,29,0,18
BRDA:205,29,1,0
BRDA:205,30,0,0
BRDA:205,30,1,18
BRDA:205,31,0,18
BRDA:205,31,1,18
BRDA:209,32,0,0
BRDA:209,32,1,0
BRDA:209,32,2,0
BRDA:209,32,3,0
BRDA:237,33,0,0
BRDA:298,34,0,0
BRDA:298,34,1,0
BRDA:298,35,0,0
BRDA:298,35,1,0
BRDA:303,36,0,0
BRDA:303,36,1,0
BRDA:303,37,0,0
BRDA:303,37,1,0
BRDA:304,38,0,0
BRDA:304,38,1,0
BRDA:304,38,2,0
BRDA:308,39,0,0
BRDA:308,39,1,5
BRDA:308,40,0,5
BRDA:308,40,1,5
BRDA:319,41,0,0
BRDA:327,42,0,0
BRDA:327,42,1,8
BRDA:327,43,0,8
BRDA:327,43,1,8
BRDA:332,44,0,0
BRDA:332,44,1,8
BRDA:332,45,0,8
BRDA:332,45,1,8
BRDA:338,46,0,0
BRDA:338,46,1,112
BRDA:338,47,0,112
BRDA:338,47,1,112
BRDA:340,48,0,0
BRDA:340,48,1,112
BRDA:340,49,0,112
BRDA:340,49,1,112
BRDA:341,50,0,112
BRF:94
BRH:60
end_of_record
TN:
SF:src/util/buildSearchQ.ts
FN:4,buildSearchQ
FNF:1
FNH:1
FNDA:105,buildSearchQ
DA:2,1
DA:4,1
DA:10,105
DA:11,105
DA:12,105
DA:13,105
DA:14,105
DA:15,105
DA:16,105
DA:17,105
DA:18,0
DA:20,105
DA:21,105
DA:24,105
DA:25,105
DA:28,105
LF:16
LH:15
BRDA:12,0,0,105
BRDA:15,1,0,105
BRDA:17,2,0,0
BRDA:24,3,0,105
BRF:4
BRH:3
end_of_record
TN:
SF:src/util/converter.ts
FN:8,convertSpecialFields
FN:34,objToTable
FN:45,(anonymous_2)
FN:69,rowToObj
FN:74,(anonymous_4)
FN:89,tableToObj
FN:93,(anonymous_6)
FNF:7
FNH:7
FNDA:837,convertSpecialFields
FNDA:105,objToTable
FNDA:732,(anonymous_2)
FNDA:5175,rowToObj
FNDA:36237,(anonymous_4)
FNDA:223,tableToObj
FNDA:5172,(anonymous_6)
DA:8,1
DA:14,837
DA:16,204
DA:17,202
DA:19,2
DA:21,204
DA:23,104
DA:24,104
DA:26,1
DA:27,1
DA:29,528
DA:30,528
DA:34,1
DA:39,105
DA:40,105
DA:41,105
DA:42,105
DA:43,105
DA:45,105
DA:46,732
DA:47,732
DA:48,0
DA:50,732
DA:51,0
DA:53,732
DA:54,732
DA:55,1
DA:57,731
DA:60,732
DA:63,105
DA:64,105
DA:66,0
DA:69,1
DA:73,5175
DA:74,5175
DA:75,36237
DA:77,5175
DA:78,5175
DA:80,5175
DA:81,5175
DA:83,25887
DA:86,5175
DA:89,1
DA:93,223
DA:94,5172
LF:45
LH:42
BRDA:14,0,0,204
BRDA:14,0,1,104
BRDA:14,0,2,1
BRDA:14,0,3,528
BRDA:16,1,0,202
BRDA:16,1,1,2
BRDA:26,2,0,1
BRDA:26,2,1,0
BRDA:47,3,0,0
BRDA:50,4,0,0
BRDA:50,5,0,732
BRDA:50,5,1,104
BRDA:54,6,0,1
BRDA:54,6,1,731
BRDA:63,7,0,105
BRDA:63,8,0,105
BRDA:63,8,1,105
BRDA:75,9,0,5175
BRDA:75,9,1,5175
BRDA:75,9,2,25887
BRDA:77,10,0,5175
BRDA:77,10,1,0
BRDA:80,11,0,5168
BRDA:80,11,1,7
BRF:24
BRH:20
end_of_record
TN:
SF:src/util/index.ts
FNF:0
FNH:0
DA:1,1
DA:2,1
DA:3,1
DA:5,1
DA:6,1
LF:5
LH:5
BRF:0
BRH:0
end_of_record
TN:
SF:src/util/mappingWithDataType.ts
FN:4,mappingWithDataType
FNF:1
FNH:1
FNDA:18,mappingWithDataType
DA:2,1
DA:4,1
DA:9,18
DA:10,0
DA:12,18
DA:13,0
DA:15,18
DA:16,18
DA:17,0
DA:19,18
DA:21,18
DA:22,1
DA:24,17
DA:27,18
DA:28,18
LF:15
LH:12
BRDA:9,0,0,0
BRDA:12,1,0,0
BRDA:12,1,1,18
BRDA:15,2,0,9
BRDA:15,2,1,9
BRDA:16,3,0,0
BRDA:19,4,0,1
BRDA:19,4,1,17
BRDA:21,5,0,1
BRDA:21,5,1,17
BRDA:21,6,0,18
BRDA:21,6,1,1
BRF:12
BRH:9
end_of_record
TN:
SF:src/util/resolveDBType.ts
FN:3,resolveDBType
FNF:1
FNH:1
FNDA:18,resolveDBType
DA:3,1
DA:4,18
DA:6,2
DA:9,1
DA:11,4
DA:15,6
DA:17,1
DA:19,2
DA:21,2
DA:23,0
LF:10
LH:9
BRDA:4,0,0,2
BRDA:4,0,1,0
BRDA:4,0,2,1
BRDA:4,0,3,4
BRDA:4,0,4,5
BRDA:4,0,5,5
BRDA:4,0,6,6
BRDA:4,0,7,1
BRDA:4,0,8,2
BRDA:4,0,9,2
BRDA:4,0,10,0
BRF:11
BRH:9
end_of_record
