TN:
SF:src/index.ts
FNF:0
FNH:0
DA:1,1
DA:3,1
DA:4,1
LF:3
LH:3
BRF:0
BRH:0
end_of_record
TN:
SF:src/class/SQLCon.ts
FN:15,(anonymous_25)
FN:126,SQLCon
FN:19,(anonymous_27)
FN:24,(anonymous_30)
FN:39,(anonymous_31)
FN:48,(anonymous_34)
FN:58,(anonymous_35)
FN:65,(anonymous_38)
FN:72,(anonymous_41)
FN:84,(anonymous_44)
FN:97,(anonymous_45)
FN:141,(anonymous_46)
FN:162,(anonymous_49)
FN:176,(anonymous_52)
FN:200,(anonymous_53)
FN:204,(anonymous_54)
FN:214,(anonymous_57)
FN:226,(anonymous_60)
FN:235,(anonymous_63)
FN:237,(anonymous_66)
FN:248,(anonymous_67)
FNF:21
FNH:19
FNDA:1,(anonymous_25)
FNDA:2,SQLCon
FNDA:2,(anonymous_27)
FNDA:10,(anonymous_30)
FNDA:1,(anonymous_31)
FNDA:1,(anonymous_34)
FNDA:2,(anonymous_35)
FNDA:4,(anonymous_38)
FNDA:1,(anonymous_41)
FNDA:1,(anonymous_44)
FNDA:5,(anonymous_45)
FNDA:2,(anonymous_46)
FNDA:2,(anonymous_49)
FNDA:0,(anonymous_52)
FNDA:0,(anonymous_53)
FNDA:1,(anonymous_54)
FNDA:2,(anonymous_57)
FNDA:6,(anonymous_60)
FNDA:7,(anonymous_63)
FNDA:9,(anonymous_66)
FNDA:2,(anonymous_67)
DA:1,1
DA:3,1
DA:4,1
DA:15,1
DA:16,1
DA:19,1
DA:20,2
DA:21,2
DA:22,2
DA:23,2
DA:24,2
DA:25,10
DA:26,10
DA:28,4
DA:36,2
DA:39,1
DA:40,1
DA:41,2
DA:42,2
DA:43,1
DA:45,0
DA:48,1
DA:52,1
DA:55,1
DA:58,1
DA:59,2
DA:62,2
DA:65,1
DA:66,4
DA:69,4
DA:72,1
DA:73,2
DA:81,1
DA:84,1
DA:85,1
DA:86,1
DA:87,1
DA:97,1
DA:98,5
DA:100,1
DA:101,1
DA:103,4
DA:104,4
DA:107,2
DA:108,2
DA:110,2
DA:111,2
DA:113,0
DA:115,4
DA:119,1
DA:130,2
DA:131,2
DA:132,2
DA:133,2
DA:134,0
DA:135,0
DA:137,2
DA:138,2
DA:141,1
DA:143,2
DA:151,2
DA:152,2
DA:153,0
DA:156,0
DA:162,1
DA:163,2
DA:164,2
DA:168,0
DA:169,0
DA:172,2
DA:175,0
DA:176,0
DA:177,0
DA:179,0
DA:181,2
DA:182,2
DA:184,4
DA:195,2
DA:196,2
DA:200,1
DA:201,0
DA:204,1
DA:205,1
DA:210,1
DA:211,1
DA:214,1
DA:215,2
DA:219,2
DA:220,0
DA:222,2
DA:223,2
DA:226,1
DA:227,6
DA:232,6
DA:235,1
DA:236,7
DA:237,7
DA:238,9
DA:240,9
DA:241,9
DA:242,9
DA:245,7
DA:248,1
DA:249,2
DA:251,1
LF:105
LH:91
BRDA:130,0,0,2
BRDA:130,0,1,0
BRDA:133,1,0,0
BRDA:45,2,0,0
BRDA:40,3,0,0
BRDA:52,4,0,0
BRDA:52,4,1,1
BRDA:52,5,0,1
BRDA:52,5,1,1
BRDA:55,6,0,1
BRDA:55,6,1,0
BRDA:55,7,0,0
BRDA:55,7,1,1
BRDA:55,8,0,1
BRDA:55,8,1,1
BRDA:59,9,0,0
BRDA:59,9,1,2
BRDA:59,10,0,2
BRDA:59,10,1,2
BRDA:62,11,0,0
BRDA:62,11,1,2
BRDA:62,12,0,2
BRDA:62,12,1,2
BRDA:66,13,0,0
BRDA:66,13,1,4
BRDA:66,14,0,4
BRDA:66,14,1,4
BRDA:69,15,0,4
BRDA:69,15,1,0
BRDA:69,16,0,0
BRDA:69,16,1,4
BRDA:69,17,0,4
BRDA:69,17,1,4
BRDA:73,18,0,1
BRDA:98,19,0,1
BRDA:98,19,1,4
BRDA:104,20,0,0
BRDA:104,20,1,2
BRDA:104,20,2,2
BRDA:104,20,3,0
BRDA:152,21,0,0
BRDA:205,22,0,0
BRDA:205,22,1,1
BRDA:205,23,0,1
BRDA:205,23,1,1
BRDA:210,24,0,0
BRDA:210,24,1,1
BRDA:210,25,0,1
BRDA:210,25,1,1
BRDA:211,26,0,1
BRDA:211,26,1,0
BRDA:211,26,2,0
BRDA:215,27,0,0
BRDA:215,27,1,2
BRDA:215,28,0,2
BRDA:215,28,1,2
BRDA:219,29,0,0
BRDA:227,30,0,0
BRDA:227,30,1,6
BRDA:227,31,0,6
BRDA:227,31,1,6
BRDA:232,32,0,0
BRDA:232,32,1,6
BRDA:232,33,0,6
BRDA:232,33,1,6
BRDA:238,34,0,0
BRDA:238,34,1,9
BRDA:238,35,0,9
BRDA:238,35,1,9
BRDA:240,36,0,0
BRDA:240,36,1,9
BRDA:240,37,0,9
BRDA:240,37,1,9
BRDA:241,38,0,9
BRF:74
BRH:49
end_of_record
